<?xml version="1.0" encoding="UTF-8"?>
<!-- Generated by org.testng.reporters.JUnitReportReporter -->
<testsuite hostname="SANDEEPINI" name="com.actitime.test.CustomerModule" tests="1" failures="0" timestamp="21 Feb 2020 05:00:08 GMT" time="31.079" errors="0">
  <testcase name="testCreateCustomer" time="31.079" classname="com.actitime.test.CustomerModule"/>
</testsuite> <!-- com.actitime.test.CustomerModule -->
